Drill report for Afinador_pcb.kicad_pcb
Created on 16/04/2025 10:41:35 p. m.

Copper Layer Stackup:
    =============================================================
    L1 :  F.Cu                      front
    L2 :  B.Cu                      back


Drill file 'Afinador_pcb-PTH.drl' contains
    plated through holes:
    =============================================================
    T1  0.400mm  0.0157"  (25 holes)
    T2  0.800mm  0.0315"  (8 holes)
    T3  0.914mm  0.0360"  (75 holes)
    T4  1.016mm  0.0400"  (8 holes)
    T5  1.300mm  0.0512"  (3 holes)
    T6  1.400mm  0.0551"  (3 holes)

    Total plated holes count 122


Drill file 'Afinador_pcb-NPTH.drl' contains
    unplated through holes:
    =============================================================

    Total unplated holes count 0
