
**** Build of configuration Debug for project afinador_de_guitarra ****

"C:\\ti\\ccs1260\\ccs\\utils\\bin\\gmake" -k -j 16 all -O 
 
Building file: "../main.c"
Invoking: MSP430 Compiler
"C:/ti/ccs1260/ccs/tools/compiler/ti-cgt-msp430_21.6.1.LTS/bin/cl430" -vmspx --data_model=restricted --use_hw_mpy=F5 --include_path="C:/ti/ccs1260/ccs/ccs_base/msp430/include" --include_path="C:/Users/juang/Desktop/afinador de guitarra/afinador_de_guitarra" --include_path="C:/ti/ccs1260/ccs/tools/compiler/ti-cgt-msp430_21.6.1.LTS/include" --advice:power=all --define=__MSP430F5529__ -g --printf_support=minimal --diag_warning=225 --diag_wrap=off --display_error_number --silicon_errata=CPU21 --silicon_errata=CPU22 --silicon_errata=CPU23 --silicon_errata=CPU40 --preproc_with_compile --preproc_dependency="main.d_raw"  "../main.c"
"../main.c", line 102: warning #112-D: statement is unreachable
"../main.c", line 114: warning #70-D: integer conversion resulted in truncation
"../main.c", line 164: remark #1537-D: (ULP 9.1) Function parameter notaRef (type "struct <unnamed>") is being passed by value and should be passed by reference using pointer
"../main.c", line 196: remark #1528-D: (ULP 3.1) Detected flag polling using UCTXIFG. Recommend using an interrupt combined with enter LPMx and ISR
"../main.c", line 216: remark #2553-D: (ULP 14.1) Array index (involving "i") of type "int". Recommend using "unsigned int"
"../main.c", line 216: remark #1530-D: (ULP 5.1) Detected modulo operation(s). Recommend moving them to RAM during run time or not using as these are processing/power intensive
"../main.c", line 217: remark #1530-D: (ULP 5.1) Detected divide operation(s). Recommend moving them to RAM during run time or not using as these are processing/power intensive
"../main.c", line 220: remark #2553-D: (ULP 14.1) Array index (involving "i") of type "int". Recommend using "unsigned int"
"../main.c", line 67: remark #1535-D: (ULP 8.1) variable "factor" is used as a constant. Recommend declaring variable as either 'static const' or 'const'
"../main.c", line 70: remark #1535-D: (ULP 8.1) variable "cuenta" is used as a constant. Recommend declaring variable as either 'static const' or 'const'
"../main.c", line 71: remark #1535-D: (ULP 8.1) variable "periodo" is used as a constant. Recommend declaring variable as either 'static const' or 'const'
"../main.c", line 72: remark #1535-D: (ULP 8.1) variable "nueva_medida" is used as a constant. Recommend declaring variable as either 'static const' or 'const'
"../main.c", line 167 (col. 32): remark #1531-D: (ULP 5.2) Detected floating point operation(s). Recommend moving them to RAM during run time or not using as these are processing/power intensive
Finished building: "../main.c"
 
Building target: "afinador_de_guitarra.out"
Invoking: MSP430 Linker
"C:/ti/ccs1260/ccs/tools/compiler/ti-cgt-msp430_21.6.1.LTS/bin/cl430" -vmspx --data_model=restricted --use_hw_mpy=F5 --advice:power=all --define=__MSP430F5529__ -g --printf_support=minimal --diag_warning=225 --diag_wrap=off --display_error_number --silicon_errata=CPU21 --silicon_errata=CPU22 --silicon_errata=CPU23 --silicon_errata=CPU40 -z -m"afinador_de_guitarra.map" --heap_size=160 --stack_size=160 --cinit_hold_wdt=on -i"C:/ti/ccs1260/ccs/ccs_base/msp430/include" -i"C:/ti/ccs1260/ccs/ccs_base/msp430/lib/5xx_6xx_FRxx" -i"C:/ti/ccs1260/ccs/tools/compiler/ti-cgt-msp430_21.6.1.LTS/lib" -i"C:/ti/ccs1260/ccs/tools/compiler/ti-cgt-msp430_21.6.1.LTS/include" --reread_libs --diag_wrap=off --display_error_number --warn_sections --xml_link_info="afinador_de_guitarra_linkInfo.xml" --use_hw_mpy=F5 --rom_model -o "afinador_de_guitarra.out" "./main.obj" "../lnk_msp430f5529.cmd"  -llibmath.a -llibc.a 
<Linking>
remark #10371-D: (ULP 1.1) Detected no uses of low power mode state changing instructions
remark #10372-D: (ULP 4.1) Detected uninitialized Port A in this project. Recommend initializing all unused ports to eliminate wasted current consumption on unused pins.
remark #10372-D: (ULP 4.1) Detected uninitialized Port B in this project. Recommend initializing all unused ports to eliminate wasted current consumption on unused pins.
remark #10372-D: (ULP 4.1) Detected uninitialized Port C in this project. Recommend initializing all unused ports to eliminate wasted current consumption on unused pins.
remark #10372-D: (ULP 4.1) Detected uninitialized Port D in this project. Recommend initializing all unused ports to eliminate wasted current consumption on unused pins.
Finished building target: "afinador_de_guitarra.out"
 

**** Build Finished ****
